
************************************
>>> origin_4 <<<
************************************

Label : run
Begin : Wed Oct 16 19:20:52 2024
Duration : 180012184.6800 us
-------------------------------
PKG :
	socket 0 :  1854907666.0000 uJ
-------------------------------
DRAM :
	socket 0 :  118390872.0000 uJ
-------------------------------

************************************
>>> michel_4 <<<
************************************

Label : run
Begin : Wed Oct 16 19:24:52 2024
Duration : 180012099.2650 us
-------------------------------
PKG :
	socket 0 :  1978980164.0000 uJ
-------------------------------
DRAM :
	socket 0 :  117765385.0000 uJ
-------------------------------
************************************
>>> origin_4 <<<
************************************

Label : run
Begin : Wed Oct 16 19:28:53 2024
Duration : 180021435.5330 us
-------------------------------
PKG :
	socket 0 :  1967202300.0000 uJ
-------------------------------
DRAM :
	socket 0 :  117578190.0000 uJ
-------------------------------

************************************
>>> michel_4 <<<
************************************

Label : run
Begin : Wed Oct 16 19:32:53 2024
Duration : 180012345.0860 us
-------------------------------
PKG :
	socket 0 :  1731165917.0000 uJ
-------------------------------
DRAM :
	socket 0 :  118158206.0000 uJ
-------------------------------
************************************
>>> origin_4 <<<
************************************

Label : run
Begin : Wed Oct 16 19:36:54 2024
Duration : 180021200.2910 us
-------------------------------
PKG :
	socket 0 :  2036741551.0000 uJ
-------------------------------
DRAM :
	socket 0 :  118786133.0000 uJ
-------------------------------

************************************
>>> michel_4 <<<
************************************

Label : run
Begin : Wed Oct 16 19:40:54 2024
Duration : 180013547.0800 us
-------------------------------
PKG :
	socket 0 :  1647287470.0000 uJ
-------------------------------
DRAM :
	socket 0 :  118911378.0000 uJ
-------------------------------
************************************
>>> origin_4 <<<
************************************

Label : run
Begin : Wed Oct 16 19:44:55 2024
Duration : 180021924.9080 us
-------------------------------
PKG :
	socket 0 :  1834805178.0000 uJ
-------------------------------
DRAM :
	socket 0 :  118453066.0000 uJ
-------------------------------

************************************
>>> michel_4 <<<
************************************

Label : run
Begin : Wed Oct 16 19:48:55 2024
Duration : 180021845.9420 us
-------------------------------
PKG :
	socket 0 :  1708569844.0000 uJ
-------------------------------
DRAM :
	socket 0 :  118620851.0000 uJ
-------------------------------
************************************
>>> origin_4 <<<
************************************

Label : run
Begin : Wed Oct 16 19:52:56 2024
Duration : 180012586.2380 us
-------------------------------
PKG :
	socket 0 :  1677221353.0000 uJ
-------------------------------
DRAM :
	socket 0 :  117687931.0000 uJ
-------------------------------

************************************
>>> michel_4 <<<
************************************

Label : run
Begin : Wed Oct 16 19:56:56 2024
Duration : 180012461.4910 us
-------------------------------
PKG :
	socket 0 :  1704623749.0000 uJ
-------------------------------
DRAM :
	socket 0 :  117925113.0000 uJ
-------------------------------
************************************
>>> origin_4 <<<
************************************

Label : run
Begin : Wed Oct 16 20:00:56 2024
Duration : 180021232.7850 us
-------------------------------
PKG :
	socket 0 :  2061661348.0000 uJ
-------------------------------
DRAM :
	socket 0 :  117733036.0000 uJ
-------------------------------

************************************
>>> michel_4 <<<
************************************

Label : run
Begin : Wed Oct 16 20:04:57 2024
Duration : 180012196.9880 us
-------------------------------
PKG :
	socket 0 :  1825855799.0000 uJ
-------------------------------
DRAM :
	socket 0 :  118583925.0000 uJ
-------------------------------
************************************
>>> origin_4 <<<
************************************

Label : run
Begin : Wed Oct 16 20:08:57 2024
Duration : 180021490.1210 us
-------------------------------
PKG :
	socket 0 :  2067075335.0000 uJ
-------------------------------
DRAM :
	socket 0 :  119273499.0000 uJ
-------------------------------

************************************
>>> michel_4 <<<
************************************

Label : run
Begin : Wed Oct 16 20:12:58 2024
Duration : 180012984.2730 us
-------------------------------
PKG :
	socket 0 :  1879050975.0000 uJ
-------------------------------
DRAM :
	socket 0 :  118599916.0000 uJ
-------------------------------
************************************
>>> origin_4 <<<
************************************

Label : run
Begin : Wed Oct 16 20:16:58 2024
Duration : 180012503.7780 us
-------------------------------
PKG :
	socket 0 :  1685138814.0000 uJ
-------------------------------
DRAM :
	socket 0 :  118638674.0000 uJ
-------------------------------

************************************
>>> michel_4 <<<
************************************

Label : run
Begin : Wed Oct 16 20:20:59 2024
Duration : 180021334.5390 us
-------------------------------
PKG :
	socket 0 :  1727003940.0000 uJ
-------------------------------
DRAM :
	socket 0 :  118559267.0000 uJ
-------------------------------
************************************
>>> origin_4 <<<
************************************

Label : run
Begin : Wed Oct 16 20:24:59 2024
Duration : 180012417.1750 us
-------------------------------
PKG :
	socket 0 :  1722958480.0000 uJ
-------------------------------
DRAM :
	socket 0 :  118055179.0000 uJ
-------------------------------

************************************
>>> michel_4 <<<
************************************

Label : run
Begin : Wed Oct 16 20:28:59 2024
Duration : 180012279.7130 us
-------------------------------
PKG :
	socket 0 :  1719034845.0000 uJ
-------------------------------
DRAM :
	socket 0 :  117642582.0000 uJ
-------------------------------
************************************
>>> origin_4 <<<
************************************

Label : run
Begin : Wed Oct 16 20:33:00 2024
Duration : 180012262.9760 us
-------------------------------
PKG :
	socket 0 :  2104960310.0000 uJ
-------------------------------
DRAM :
	socket 0 :  117761723.0000 uJ
-------------------------------

************************************
>>> michel_4 <<<
************************************

Label : run
Begin : Wed Oct 16 20:37:00 2024
Duration : 180012206.9930 us
-------------------------------
PKG :
	socket 0 :  1927104136.0000 uJ
-------------------------------
DRAM :
	socket 0 :  119537841.0000 uJ
-------------------------------
