
************************************
>>> origin_4 <<<
************************************

Label : run
Begin : Mon Oct 28 10:58:05 2024
Duration : 28347078.6330 us
-------------------------------
PKG :
	socket 0 :  355722295.0000 uJ
-------------------------------
DRAM :
	socket 0 :  24319945.0000 uJ
-------------------------------

************************************
>>> michel_4 <<<
************************************

Label : run
Begin : Mon Oct 28 10:58:44 2024
Duration : 17097177.8660 us
-------------------------------
PKG :
	socket 0 :  266501027.0000 uJ
-------------------------------
DRAM :
	socket 0 :  12403777.0000 uJ
-------------------------------
************************************
>>> origin_4 <<<
************************************

Label : run
Begin : Mon Oct 28 10:59:11 2024
Duration : 23069907.0330 us
-------------------------------
PKG :
	socket 0 :  347296657.0000 uJ
-------------------------------
DRAM :
	socket 0 :  16264607.0000 uJ
-------------------------------

************************************
>>> michel_4 <<<
************************************

Label : run
Begin : Mon Oct 28 10:59:45 2024
Duration : 25949801.5890 us
-------------------------------
PKG :
	socket 0 :  243277453.0000 uJ
-------------------------------
DRAM :
	socket 0 :  17943131.0000 uJ
-------------------------------
************************************
>>> origin_4 <<<
************************************

Label : run
Begin : Mon Oct 28 11:00:21 2024
Duration : 22485903.9290 us
-------------------------------
PKG :
	socket 0 :  346869962.0000 uJ
-------------------------------
DRAM :
	socket 0 :  15561972.0000 uJ
-------------------------------

************************************
>>> michel_4 <<<
************************************

Label : run
Begin : Mon Oct 28 11:00:54 2024
Duration : 26232637.0770 us
-------------------------------
PKG :
	socket 0 :  225684237.0000 uJ
-------------------------------
DRAM :
	socket 0 :  18068375.0000 uJ
-------------------------------
************************************
>>> origin_4 <<<
************************************

Label : run
Begin : Mon Oct 28 11:01:31 2024
Duration : 32984220.7420 us
-------------------------------
PKG :
	socket 0 :  314979724.0000 uJ
-------------------------------
DRAM :
	socket 0 :  24488585.0000 uJ
-------------------------------

************************************
>>> michel_4 <<<
************************************

Label : run
Begin : Mon Oct 28 11:02:14 2024
Duration : 24268846.3810 us
-------------------------------
PKG :
	socket 0 :  241102410.0000 uJ
-------------------------------
DRAM :
	socket 0 :  16297077.0000 uJ
-------------------------------
************************************
>>> origin_4 <<<
************************************

Label : run
Begin : Mon Oct 28 11:02:49 2024
Duration : 22725781.9300 us
-------------------------------
PKG :
	socket 0 :  352574964.0000 uJ
-------------------------------
DRAM :
	socket 0 :  16336628.0000 uJ
-------------------------------

************************************
>>> michel_4 <<<
************************************

Label : run
Begin : Mon Oct 28 11:03:22 2024
Duration : 27876947.8310 us
-------------------------------
PKG :
	socket 0 :  223919898.0000 uJ
-------------------------------
DRAM :
	socket 0 :  19301952.0000 uJ
-------------------------------
************************************
>>> origin_4 <<<
************************************

Label : run
Begin : Mon Oct 28 11:04:00 2024
Duration : 32721654.0090 us
-------------------------------
PKG :
	socket 0 :  314994860.0000 uJ
-------------------------------
DRAM :
	socket 0 :  22050237.0000 uJ
-------------------------------

************************************
>>> michel_4 <<<
************************************

Label : run
Begin : Mon Oct 28 11:04:43 2024
Duration : 16898290.6750 us
-------------------------------
PKG :
	socket 0 :  257752392.0000 uJ
-------------------------------
DRAM :
	socket 0 :  11314119.0000 uJ
-------------------------------
************************************
>>> origin_4 <<<
************************************

Label : run
Begin : Mon Oct 28 11:05:11 2024
Duration : 25532100.9290 us
-------------------------------
PKG :
	socket 0 :  367485082.0000 uJ
-------------------------------
DRAM :
	socket 0 :  17386674.0000 uJ
-------------------------------

************************************
>>> michel_4 <<<
************************************

Label : run
Begin : Mon Oct 28 11:05:47 2024
Duration : 27760820.2980 us
-------------------------------
PKG :
	socket 0 :  233115797.0000 uJ
-------------------------------
DRAM :
	socket 0 :  21328437.0000 uJ
-------------------------------
************************************
>>> origin_4 <<<
************************************

Label : run
Begin : Mon Oct 28 11:06:25 2024
Duration : 22535463.3070 us
-------------------------------
PKG :
	socket 0 :  347866480.0000 uJ
-------------------------------
DRAM :
	socket 0 :  15115928.0000 uJ
-------------------------------

************************************
>>> michel_4 <<<
************************************

Label : run
Begin : Mon Oct 28 11:06:58 2024
Duration : 25571677.4690 us
-------------------------------
PKG :
	socket 0 :  262992185.0000 uJ
-------------------------------
DRAM :
	socket 0 :  20610543.0000 uJ
-------------------------------
************************************
>>> origin_4 <<<
************************************

Label : run
Begin : Mon Oct 28 11:07:34 2024
Duration : 34482970.4360 us
-------------------------------
PKG :
	socket 0 :  302363300.0000 uJ
-------------------------------
DRAM :
	socket 0 :  23274781.0000 uJ
-------------------------------

************************************
>>> michel_4 <<<
************************************

Label : run
Begin : Mon Oct 28 11:08:19 2024
Duration : 17162528.7140 us
-------------------------------
PKG :
	socket 0 :  281524120.0000 uJ
-------------------------------
DRAM :
	socket 0 :  11747284.0000 uJ
-------------------------------
************************************
>>> origin_4 <<<
************************************

Label : run
Begin : Mon Oct 28 11:08:46 2024
Duration : 35107959.0890 us
-------------------------------
PKG :
	socket 0 :  299914149.0000 uJ
-------------------------------
DRAM :
	socket 0 :  23795715.0000 uJ
-------------------------------

************************************
>>> michel_4 <<<
************************************

Label : run
Begin : Mon Oct 28 11:09:32 2024
Duration : 24428884.1980 us
-------------------------------
PKG :
	socket 0 :  239717220.0000 uJ
-------------------------------
DRAM :
	socket 0 :  16302693.0000 uJ
-------------------------------
