
************************************
>>> origin_53 <<<
************************************

Label : run
Begin : Mon Oct 28 16:38:03 2024
Duration : 3459830.5430 us
-------------------------------
PKG :
	socket 0 :  51996998.0000 uJ
-------------------------------
DRAM :
	socket 0 :  2351252.0000 uJ
-------------------------------

************************************
>>> michel_53 <<<
************************************

Label : run
Begin : Mon Oct 28 16:38:08 2024
Duration : 3667543.0600 us
-------------------------------
PKG :
	socket 0 :  55483562.0000 uJ
-------------------------------
DRAM :
	socket 0 :  2505120.0000 uJ
-------------------------------
