
************************************
>>> origin_61 <<<
************************************

Label : run
Begin : Mon Oct 28 22:00:40 2024
Duration : 533418438.3730 us
-------------------------------
PKG :
	socket 0 :  4474929279.0000 uJ
-------------------------------
DRAM :
	socket 0 :  359381160.0000 uJ
-------------------------------

************************************
>>> michel_61 <<<
************************************

Label : run
Begin : Mon Oct 28 22:09:39 2024
Duration : 439280949.8110 us
-------------------------------
PKG :
	socket 0 :  4334654492.0000 uJ
-------------------------------
DRAM :
	socket 0 :  298295378.0000 uJ
-------------------------------
************************************
>>> origin_61 <<<
************************************

Label : run
Begin : Mon Oct 28 22:17:03 2024
Duration : 544541370.5070 us
-------------------------------
PKG :
	socket 0 :  4530048828.0000 uJ
-------------------------------
DRAM :
	socket 0 :  368670138.0000 uJ
-------------------------------

************************************
>>> michel_61 <<<
************************************

Label : run
Begin : Mon Oct 28 22:26:13 2024
Duration : 462627743.6470 us
-------------------------------
PKG :
	socket 0 :  3839270933.0000 uJ
-------------------------------
DRAM :
	socket 0 :  312433649.0000 uJ
-------------------------------
************************************
>>> origin_61 <<<
************************************

Label : run
Begin : Mon Oct 28 22:34:01 2024
Duration : 516252226.2090 us
-------------------------------
PKG :
	socket 0 :  4639448634.0000 uJ
-------------------------------
DRAM :
	socket 0 :  346023833.0000 uJ
-------------------------------

************************************
>>> michel_61 <<<
************************************

Label : run
Begin : Mon Oct 28 22:42:43 2024
Duration : 463011157.5640 us
-------------------------------
PKG :
	socket 0 :  4093315449.0000 uJ
-------------------------------
DRAM :
	socket 0 :  312451471.0000 uJ
-------------------------------
************************************
>>> origin_61 <<<
************************************

Label : run
Begin : Mon Oct 28 22:50:31 2024
Duration : 532148228.8550 us
-------------------------------
PKG :
	socket 0 :  4391228810.0000 uJ
-------------------------------
DRAM :
	socket 0 :  356843996.0000 uJ
-------------------------------

************************************
>>> michel_61 <<<
************************************

Label : run
Begin : Mon Oct 28 22:59:29 2024
Duration : 406225594.5910 us
-------------------------------
PKG :
	socket 0 :  4189461870.0000 uJ
-------------------------------
DRAM :
	socket 0 :  273609407.0000 uJ
-------------------------------
************************************
>>> origin_61 <<<
************************************

Label : run
Begin : Mon Oct 28 23:06:21 2024
Duration : 487874635.9350 us
-------------------------------
PKG :
	socket 0 :  4757322111.0000 uJ
-------------------------------
DRAM :
	socket 0 :  326756366.0000 uJ
-------------------------------

************************************
>>> michel_61 <<<
************************************

Label : run
Begin : Mon Oct 28 23:14:34 2024
Duration : 464826279.2980 us
-------------------------------
PKG :
	socket 0 :  4187458701.0000 uJ
-------------------------------
DRAM :
	socket 0 :  313522513.0000 uJ
-------------------------------
************************************
>>> origin_61 <<<
************************************

Label : run
Begin : Mon Oct 28 23:22:24 2024
Duration : 539929884.3250 us
-------------------------------
PKG :
	socket 0 :  4435099120.0000 uJ
-------------------------------
DRAM :
	socket 0 :  364014754.0000 uJ
-------------------------------

************************************
>>> michel_61 <<<
************************************

Label : run
Begin : Mon Oct 28 23:31:30 2024
Duration : 427573443.7560 us
-------------------------------
PKG :
	socket 0 :  4130185411.0000 uJ
-------------------------------
DRAM :
	socket 0 :  284779605.0000 uJ
-------------------------------
************************************
>>> origin_61 <<<
************************************

Label : run
Begin : Mon Oct 28 23:38:43 2024
Duration : 501869361.2760 us
-------------------------------
PKG :
	socket 0 :  4989639326.0000 uJ
-------------------------------
DRAM :
	socket 0 :  335608028.0000 uJ
-------------------------------

************************************
>>> michel_61 <<<
************************************

Label : run
Begin : Mon Oct 28 23:47:10 2024
Duration : 465190131.2190 us
-------------------------------
PKG :
	socket 0 :  4117291706.0000 uJ
-------------------------------
DRAM :
	socket 0 :  312330743.0000 uJ
-------------------------------
************************************
>>> origin_61 <<<
************************************

Label : run
Begin : Mon Oct 28 23:55:01 2024
Duration : 513778075.2430 us
-------------------------------
PKG :
	socket 0 :  4685044525.0000 uJ
-------------------------------
DRAM :
	socket 0 :  347465785.0000 uJ
-------------------------------

************************************
>>> michel_61 <<<
************************************

Label : run
Begin : Tue Oct 29 00:03:40 2024
Duration : 455712721.2000 us
-------------------------------
PKG :
	socket 0 :  3917130720.0000 uJ
-------------------------------
DRAM :
	socket 0 :  304438613.0000 uJ
-------------------------------
************************************
>>> origin_61 <<<
************************************

Label : run
Begin : Tue Oct 29 00:11:21 2024
Duration : 523889536.6480 us
-------------------------------
PKG :
	socket 0 :  4519844325.0000 uJ
-------------------------------
DRAM :
	socket 0 :  353056530.0000 uJ
-------------------------------

************************************
>>> michel_61 <<<
************************************

Label : run
Begin : Tue Oct 29 00:20:11 2024
Duration : 428890813.8370 us
-------------------------------
PKG :
	socket 0 :  4230254490.0000 uJ
-------------------------------
DRAM :
	socket 0 :  288803033.0000 uJ
-------------------------------
************************************
>>> origin_61 <<<
************************************

Label : run
Begin : Tue Oct 29 00:27:25 2024
Duration : 478886987.7550 us
-------------------------------
PKG :
	socket 0 :  4685015839.0000 uJ
-------------------------------
DRAM :
	socket 0 :  322993680.0000 uJ
-------------------------------

************************************
>>> michel_61 <<<
************************************

Label : run
Begin : Tue Oct 29 00:35:29 2024
Duration : 469176655.0430 us
-------------------------------
PKG :
	socket 0 :  3907460578.0000 uJ
-------------------------------
DRAM :
	socket 0 :  312234430.0000 uJ
-------------------------------
