
************************************
>>> origin_63 <<<
************************************

Label : run
Begin : Thu Nov 21 17:22:33 2024
Duration : 696315378.6770 us
-------------------------------
PKG :
	socket 0 :  7111385970.0000 uJ
-------------------------------
DRAM :
	socket 0 :  213970522.0000 uJ
-------------------------------

************************************
>>> michel_63 <<<
************************************

Label : run
Begin : Thu Nov 21 17:34:15 2024
Duration : 390095417.8770 us
-------------------------------
PKG :
	socket 0 :  3470787075.0000 uJ
-------------------------------
DRAM :
	socket 0 :  119161927.0000 uJ
-------------------------------
************************************
>>> origin_63 <<<
************************************

Label : run
Begin : Thu Nov 21 17:40:50 2024
Duration : 738076920.3320 us
-------------------------------
PKG :
	socket 0 :  6645451493.0000 uJ
-------------------------------
DRAM :
	socket 0 :  223797889.0000 uJ
-------------------------------

************************************
>>> michel_63 <<<
************************************

Label : run
Begin : Thu Nov 21 17:53:14 2024
Duration : 370635857.9480 us
-------------------------------
PKG :
	socket 0 :  3515129124.0000 uJ
-------------------------------
DRAM :
	socket 0 :  112677690.0000 uJ
-------------------------------
************************************
>>> origin_63 <<<
************************************

Label : run
Begin : Thu Nov 21 17:59:30 2024
Duration : 796805749.8700 us
-------------------------------
PKG :
	socket 0 :  6777608687.0000 uJ
-------------------------------
DRAM :
	socket 0 :  242723255.0000 uJ
-------------------------------

************************************
>>> michel_63 <<<
************************************

Label : run
Begin : Thu Nov 21 18:12:52 2024
Duration : 371516060.2670 us
-------------------------------
PKG :
	socket 0 :  3444642366.0000 uJ
-------------------------------
DRAM :
	socket 0 :  111778462.0000 uJ
-------------------------------
************************************
>>> origin_63 <<<
************************************

Label : run
Begin : Thu Nov 21 18:19:09 2024
Duration : 770123577.3310 us
-------------------------------
PKG :
	socket 0 :  6631898183.0000 uJ
-------------------------------
DRAM :
	socket 0 :  233150099.0000 uJ
-------------------------------

************************************
>>> michel_63 <<<
************************************

Label : run
Begin : Thu Nov 21 18:32:05 2024
Duration : 389631031.9140 us
-------------------------------
PKG :
	socket 0 :  3454440986.0000 uJ
-------------------------------
DRAM :
	socket 0 :  119249939.0000 uJ
-------------------------------
************************************
>>> origin_63 <<<
************************************

Label : run
Begin : Thu Nov 21 18:38:40 2024
Duration : 749882396.3480 us
-------------------------------
PKG :
	socket 0 :  6581220701.0000 uJ
-------------------------------
DRAM :
	socket 0 :  225342379.0000 uJ
-------------------------------

************************************
>>> michel_63 <<<
************************************

Label : run
Begin : Thu Nov 21 18:51:15 2024
Duration : 388033036.0970 us
-------------------------------
PKG :
	socket 0 :  3435508906.0000 uJ
-------------------------------
DRAM :
	socket 0 :  117379949.0000 uJ
-------------------------------
************************************
>>> origin_63 <<<
************************************

Label : run
Begin : Thu Nov 21 18:57:49 2024
Duration : 731590884.9420 us
-------------------------------
PKG :
	socket 0 :  6995058386.0000 uJ
-------------------------------
DRAM :
	socket 0 :  222958596.0000 uJ
-------------------------------

************************************
>>> michel_63 <<<
************************************

Label : run
Begin : Thu Nov 21 19:10:06 2024
Duration : 411530975.6370 us
-------------------------------
PKG :
	socket 0 :  3308688001.0000 uJ
-------------------------------
DRAM :
	socket 0 :  124361254.0000 uJ
-------------------------------
************************************
>>> origin_63 <<<
************************************


