
************************************
>>> origin_66 <<<
************************************

Label : run
Begin : Tue Nov 19 20:19:09 2024
Duration : 754371.7510 us
-------------------------------
PKG :
	socket 0 :  10215978.0000 uJ
-------------------------------
DRAM :
	socket 0 :  363646.0000 uJ
-------------------------------

************************************
>>> michel_66 <<<
************************************

Label : run
Begin : Tue Nov 19 20:19:16 2024
Duration : 803051.4680 us
-------------------------------
PKG :
	socket 0 :  10531955.0000 uJ
-------------------------------
DRAM :
	socket 0 :  354492.0000 uJ
-------------------------------
************************************
>>> origin_66 <<<
************************************

Label : run
Begin : Tue Nov 19 20:19:22 2024
Duration : 729683.1870 us
-------------------------------
PKG :
	socket 0 :  9181373.0000 uJ
-------------------------------
DRAM :
	socket 0 :  234375.0000 uJ
-------------------------------

