
************************************
>>> origin_90 <<<
************************************

Label : run
Begin : Tue Oct 29 00:43:24 2024
Duration : 731808756.9140 us
-------------------------------
PKG :
	socket 0 :  7278157149.0000 uJ
-------------------------------
DRAM :
	socket 0 :  489980496.0000 uJ
-------------------------------

************************************
>>> michel_90 <<<
************************************

Label : run
Begin : Tue Oct 29 00:55:41 2024
Duration : 733125931.4250 us
-------------------------------
PKG :
	socket 0 :  7084397330.0000 uJ
-------------------------------
DRAM :
	socket 0 :  491206018.0000 uJ
-------------------------------
************************************
>>> origin_90 <<<
************************************

Label : run
Begin : Tue Oct 29 01:08:00 2024
Duration : 690367757.6870 us
-------------------------------
PKG :
	socket 0 :  7306238132.0000 uJ
-------------------------------
DRAM :
	socket 0 :  462768835.0000 uJ
-------------------------------

************************************
>>> michel_90 <<<
************************************

Label : run
Begin : Tue Oct 29 01:19:36 2024
Duration : 720603916.5160 us
-------------------------------
PKG :
	socket 0 :  7200673522.0000 uJ
-------------------------------
DRAM :
	socket 0 :  483598738.0000 uJ
-------------------------------
************************************
>>> origin_90 <<<
************************************

Label : run
Begin : Tue Oct 29 01:31:42 2024
Duration : 691775097.9210 us
-------------------------------
PKG :
	socket 0 :  7230783552.0000 uJ
-------------------------------
DRAM :
	socket 0 :  463848544.0000 uJ
-------------------------------

************************************
>>> michel_90 <<<
************************************

Label : run
Begin : Tue Oct 29 01:43:19 2024
Duration : 690711925.3610 us
-------------------------------
PKG :
	socket 0 :  7146860916.0000 uJ
-------------------------------
DRAM :
	socket 0 :  462443336.0000 uJ
-------------------------------
************************************
>>> origin_90 <<<
************************************

Label : run
Begin : Tue Oct 29 01:54:55 2024
Duration : 737324577.2730 us
-------------------------------
PKG :
	socket 0 :  7061377186.0000 uJ
-------------------------------
DRAM :
	socket 0 :  492997456.0000 uJ
-------------------------------

************************************
>>> michel_90 <<<
************************************

Label : run
Begin : Tue Oct 29 02:07:18 2024
Duration : 672252928.9510 us
-------------------------------
PKG :
	socket 0 :  7306475619.0000 uJ
-------------------------------
DRAM :
	socket 0 :  451001104.0000 uJ
-------------------------------
************************************
>>> origin_90 <<<
************************************

Label : run
Begin : Tue Oct 29 02:18:35 2024
Duration : 693674596.2360 us
-------------------------------
PKG :
	socket 0 :  7446461101.0000 uJ
-------------------------------
DRAM :
	socket 0 :  464668183.0000 uJ
-------------------------------

************************************
>>> michel_90 <<<
************************************

Label : run
Begin : Tue Oct 29 02:30:15 2024
Duration : 640378913.3260 us
-------------------------------
PKG :
	socket 0 :  7466749867.0000 uJ
-------------------------------
DRAM :
	socket 0 :  425134898.0000 uJ
-------------------------------
************************************
>>> origin_90 <<<
************************************

Label : run
Begin : Tue Oct 29 02:41:00 2024
Duration : 699692698.9000 us
-------------------------------
PKG :
	socket 0 :  7326536176.0000 uJ
-------------------------------
DRAM :
	socket 0 :  470139360.0000 uJ
-------------------------------

************************************
>>> michel_90 <<<
************************************

************************************
>>> origin_90 <<<
************************************

Label : run
Begin : Tue Oct 29 03:04:15 2024
Duration : 665621004.8050 us
-------------------------------
PKG :
	socket 0 :  7360929154.0000 uJ
-------------------------------
DRAM :
	socket 0 :  447318984.0000 uJ
-------------------------------

************************************
>>> michel_90 <<<
************************************

Label : run
Begin : Tue Oct 29 03:15:26 2024
Duration : 667357942.0910 us
-------------------------------
PKG :
	socket 0 :  7465617667.0000 uJ
-------------------------------
DRAM :
	socket 0 :  445509663.0000 uJ
-------------------------------
************************************
>>> origin_90 <<<
************************************

Label : run
Begin : Tue Oct 29 03:26:39 2024
Duration : 745748679.8930 us
-------------------------------
PKG :
	socket 0 :  7150638433.0000 uJ
-------------------------------
DRAM :
	socket 0 :  497174325.0000 uJ
-------------------------------

************************************
>>> michel_90 <<<
************************************

Label : run
Begin : Tue Oct 29 03:39:10 2024
Duration : 693567153.0330 us
-------------------------------
PKG :
	socket 0 :  7202279047.0000 uJ
-------------------------------
DRAM :
	socket 0 :  462976049.0000 uJ
-------------------------------
************************************
>>> origin_90 <<<
************************************

Label : run
Begin : Tue Oct 29 03:50:49 2024
Duration : 705274428.6190 us
-------------------------------
PKG :
	socket 0 :  7330393405.0000 uJ
-------------------------------
DRAM :
	socket 0 :  472556713.0000 uJ
-------------------------------

************************************
>>> michel_90 <<<
************************************

Label : run
Begin : Tue Oct 29 04:02:40 2024
Duration : 720803490.4190 us
-------------------------------
PKG :
	socket 0 :  7099361525.0000 uJ
-------------------------------
DRAM :
	socket 0 :  480276114.0000 uJ
-------------------------------
************************************
>>> origin_90 <<<
************************************

Label : run
Begin : Tue Oct 29 04:14:46 2024
Duration : 730471604.0360 us
-------------------------------
PKG :
	socket 0 :  7098295122.0000 uJ
-------------------------------
DRAM :
	socket 0 :  493443317.0000 uJ
-------------------------------

************************************
>>> michel_90 <<<
************************************

Label : run
Begin : Tue Oct 29 04:27:02 2024
Duration : 676371803.3880 us
-------------------------------
PKG :
	socket 0 :  7342201785.0000 uJ
-------------------------------
DRAM :
	socket 0 :  451959903.0000 uJ
-------------------------------
